<?xml version="1.0" encoding="utf-8"?><testsuites name="pytest tests"><testsuite name="pytest" errors="0" failures="0" skipped="0" tests="20" time="1.267" timestamp="2025-09-05T01:59:32.248582+02:00" hostname="ol01"><testcase classname="app.test_main.TestCryptoRatesAPI" name="test_api_initialization" time="0.002" /><testcase classname="app.test_main.TestCryptoRatesAPI" name="test_successful_api_call" time="0.007" /><testcase classname="app.test_main.TestCryptoRatesAPI" name="test_api_timeout" time="0.003" /><testcase classname="app.test_main.TestCryptoRatesAPI" name="test_api_error_response" time="0.003" /><testcase classname="app.test_main.TestCryptoRatesAPI" name="test_caching_mechanism" time="0.003" /><testcase classname="app.test_main.TestCryptoRatesAPI" name="test_data_processing" time="0.001" /><testcase classname="app.test_main.TestCryptoRatesAPI" name="test_invalid_api_response" time="0.001" /><testcase classname="app.test_main.TestFlaskApp" name="test_index_route_success" time="0.040" /><testcase classname="app.test_main.TestFlaskApp" name="test_index_route_api_error" time="0.005" /><testcase classname="app.test_main.TestFlaskApp" name="test_api_rates_endpoint_success" time="0.003" /><testcase classname="app.test_main.TestFlaskApp" name="test_api_rates_endpoint_error" time="0.002" /><testcase classname="app.test_main.TestFlaskApp" name="test_health_check_healthy" time="0.002" /><testcase classname="app.test_main.TestFlaskApp" name="test_health_check_degraded" time="0.002" /><testcase classname="app.test_main.TestFlaskApp" name="test_health_check_exception" time="0.003" /><testcase classname="app.test_main.TestFlaskApp" name="test_metrics_endpoint" time="0.003" /><testcase classname="app.test_main.TestFlaskApp" name="test_404_error_handling" time="0.002" /><testcase classname="app.test_main.TestFlaskApp" name="test_metrics_increment" time="0.141" /><testcase classname="app.test_main.TestIntegration" name="test_full_application_flow" time="0.004" /><testcase classname="app.test_main.TestIntegration" name="test_error_handling_chain" time="0.006" /><testcase classname="app.test_main" name="test_environment_configuration" time="0.003" /></testsuite></testsuites>